C51 COMPILER V9.54   DELAY                                                                 09/23/2018 00:10:22 PAGE 1   


C51 COMPILER V9.54, COMPILATION OF MODULE DELAY
OBJECT MODULE PLACED IN .\delay.obj
COMPILER INVOKED BY: C:\Keil_v5\C51\BIN\C51.EXE ..\delay\delay.c LARGE OPTIMIZE(8,SPEED) BROWSE NOINTVECTOR INCDIR(..\de
                    -lay;..\tft;..\GUI;..\HARDWARE\xpt2046;..\HARDWARE\spi;C:\Keil_v5\C51\INC\STC) DEBUG OBJECTEXTEND PRINT(.\delay.lst) TABS
                    -(2) OBJECT(.\delay.obj)

line level    source

   1          
   2          
   3          #include "stc15f2k60s2.h"
   4          #include "delay.h"
   5          
   6          /*
   7          24MHz主频下 
   8          在示波器下看
   9          一个语句的时间大概是 0.8us
  10          */
  11          
  12          //2微秒 延时
  13          //此函数是以2us的倍数增加
  14          //t  2us的倍数
  15          void delay2us(u16 us)
  16           {
  17   1        u16 i;
  18   1        u8 m;
  19   1        for(i=0;i<us;i++)
  20   1        for(m=0;m<3;m++);
  21   1       }
  22          
  23          
  24          
  25          //4微秒 延时
  26          //此函数是以4us的倍数增加
  27          //t  4us的倍数
  28          void delay4us(u16 us)
  29           {
  30   1        u16 i;
  31   1        u8 m;
  32   1        for(i=0;i<us;i++)
  33   1        for(m=0;m<5;m++);
  34   1       }  
  35          
  36          
  37          
  38          //1毫秒 延时
  39          //ms 1ms的倍数
  40          void delay1ms(u16 ms)
  41          {
  42   1       u16 m;
  43   1       for(m=0;m<ms;m++)
  44   1       delay4us(250);
  45   1      } 
  46            
  47          
  48          
  49          void delaylow(u8 time)       //红外专用 延时
  50          {
  51   1       u8 i,j;
  52   1       for(i=0;i<time;i++)
  53   1        for(j=0;j<100;j++);
C51 COMPILER V9.54   DELAY                                                                 09/23/2018 00:10:22 PAGE 2   

  54   1      }
  55          
  56          
  57          


MODULE INFORMATION:   STATIC OVERLAYABLE
   CODE SIZE        =    124    ----
   CONSTANT SIZE    =   ----    ----
   XDATA SIZE       =   ----       4
   PDATA SIZE       =   ----    ----
   DATA SIZE        =   ----    ----
   IDATA SIZE       =   ----    ----
   BIT SIZE         =   ----    ----
END OF MODULE INFORMATION.


C51 COMPILATION COMPLETE.  0 WARNING(S),  0 ERROR(S)
