C51 COMPILER V9.54   MAIN                                                                  09/23/2018 00:10:22 PAGE 1   


C51 COMPILER V9.54, COMPILATION OF MODULE MAIN
OBJECT MODULE PLACED IN main.OBJ
COMPILER INVOKED BY: C:\Keil_v5\C51\BIN\C51.EXE main.c LARGE OPTIMIZE(8,SPEED) BROWSE NOINTVECTOR INCDIR(..\delay;..\tft
                    -;..\GUI;..\HARDWARE\xpt2046;..\HARDWARE\spi;C:\Keil_v5\C51\INC\STC) DEBUG OBJECTEXTEND TABS(2)

line level    source

   1          
   2          /*TFTICΪ  ILI9341
   3          
   4          
   5          
   6          xpt2046
   7          SPI  MOSI-P4^0  MISO-P4^1  SCLK-P4^3
   8          CS-P4^4   PENIRQ-P3^7
   9          
  10          
  11                SPIʵ
  12                ˵  STC15  ԼӲSPI  ľ彲 STC15F2K60S2.pdf ֲ852ҳʼ
  13                    ĬϵSPIP1 P1ԺõAD ԴӴ˳ʼͽSPI
  14                 P4.1 P4.2 P4.3 STC15йܣ
  15                õSTC15ƬӲSPI ômainʼʱҪúSPI   
  16                  Init_SPI();  ʼSPI  עʼ SPIṤ
  17          
  18                xpt2046  ǴоƬ  ĴоƬĿ ǵģSPI ʹ乤  
  19                 STC15ӲSPI xpt2046  
  20                ҪĿΪ˽ʡ IO Ҳһֹܵչ 
  21                һ˽ SPIӲxpt2046  ο  xpt2046 SPIͨѶ.doc   XPT2046.pdf 
  22                ﶼдĺϸǾͲ˵ˡ
  23          
  24          
  25                  ʼSPI  ѭ жǷд жϴӦTFT  Ȼ󻭵  ﵽ
             -Ч
  26          
  27                ڴУ׼ ǽںĳ򽲽
  28          
  29          */
  30          
  31          
  32          #include  "stc15f2k60s2.h"      //STC15ͷļ
  33          #include  "def.h"           //궨 ú
  34          #include  "delay.h"         //ʱ
  35          #include  "tft.h"           //TFT ICײ
  36          #include  "gui.h"
  37          #include  "spi.h"
  38          #include  "xpt2046.h"
  39          #include "tft.h"
  40          
  41          
  42          
  43          void IO_init(void)
  44          {
  45   1        P0M0 = 0X00;
  46   1        P0M1 = 0X00;
  47   1      
  48   1        P1M0 = 0X00;
  49   1        P1M1 = 0X00;
  50   1      
  51   1        P2M0 = 0X00;
  52   1        P2M1 = 0X00;
  53   1      
C51 COMPILER V9.54   MAIN                                                                  09/23/2018 00:10:22 PAGE 2   

  54   1        P3M0 = 0X00;
  55   1        P3M1 = 0X00;
  56   1      
  57   1        P4M0 = 0X02;
  58   1        P4M1 = 0X00; 
  59   1        
  60   1        P5M0 = 0X08;
  61   1        P5M1 = 0X00;  
  62   1        
  63   1        P6M0 = 0X00;
  64   1        P6M1 = 0X00; 
  65   1        
  66   1        P7M0 = 0X00;
  67   1        P7M1 = 0X00;   
  68   1      }
  69          
  70          
  71          
  72          void main()
  73          { 
  74   1        struct TFT_Pointer Tp_pix;          //崥ṹ
  75   1        u8 t; 
  76   1        IO_init();           // IAP15W4K61S4  IOڳʼ
  77   1        Lcd_Init();                //tftʼ
  78   1        Init_SPI();            //SPIʼ
  79   1        GUI_Clear(Cyan);       //ɫ  
  80   1        GUI_sprintf_hzstr16x(0,0,"spi touch test",Blue,White);
  81   1        while(1)
  82   1        {
  83   2          Tp_pix=TFT_Cm();                              // ɨ败
  84   2          if(Tp_pix.flag==1)                              //Ƿд¼  
  85   2          { 
  86   3            LED = !LED;
  87   3         Address_set(Tp_pix.x,Tp_pix.y,Tp_pix.x+2,Tp_pix.y+2);      //3*3ΪһԪ 
  88   3         for(t=0;t<9;t++)       
  89   3          Lcd_Write_Data(Red);
  90   3        }
  91   2      //      LED = !LED;
  92   2        
  93   2        }
  94   1            
  95   1      }
  96          
  97          
  98          
  99          
 100          
 101          


MODULE INFORMATION:   STATIC OVERLAYABLE
   CODE SIZE        =    188    ----
   CONSTANT SIZE    =     15    ----
   XDATA SIZE       =   ----       6
   PDATA SIZE       =   ----    ----
   DATA SIZE        =   ----    ----
   IDATA SIZE       =   ----    ----
   BIT SIZE         =   ----    ----
END OF MODULE INFORMATION.


C51 COMPILATION COMPLETE.  0 WARNING(S),  0 ERROR(S)
